<?xml version="1.0" encoding="UTF-8"?>
<testng-results skipped="0" failed="0" ignored="0" total="1" passed="1">
  <reporter-output>
  </reporter-output>
  <suite name="Default suite" duration-ms="11094" started-at="2020-04-06T17:21:49 BST" finished-at="2020-04-06T17:22:00 BST">
    <groups>
    </groups>
    <test name="Default test" duration-ms="11094" started-at="2020-04-06T17:21:49 BST" finished-at="2020-04-06T17:22:00 BST">
      <class name="development.NewClass">
        <test-method status="PASS" signature="testgooglesearch()[pri:0, instance:development.NewClass@6b143ee9]" name="testgooglesearch" duration-ms="11032" started-at="2020-04-06T17:21:49 BST" finished-at="2020-04-06T17:22:00 BST">
          <reporter-output>
          </reporter-output>
        </test-method> <!-- testgooglesearch -->
      </class> <!-- development.NewClass -->
    </test> <!-- Default test -->
  </suite> <!-- Default suite -->
</testng-results>
